{"contracts/Activatable.sol":{"l":{"16":0,"17":0,"22":0,"23":0,"28":0,"29":0,"34":0,"35":0},"path":"~/myproject/contracts/Activatable.sol","s":{"1":0,"2":0,"3":0,"4":0,"5":0,"6":0},"b":{"1":[0,0],"2":[0,0]},"f":{"1":0,"2":0,"3":0,"4":0},"fnMap":{"1":{"name":"whenActive","line":15,"loc":{"start":{"line":15,"column":4},"end":{"line":18,"column":4}}},"2":{"name":"whenNotActive","line":21,"loc":{"start":{"line":21,"column":4},"end":{"line":24,"column":4}}},"3":{"name":"deactivate","line":27,"loc":{"start":{"line":27,"column":4},"end":{"line":30,"column":4}}},"4":{"name":"activate","line":33,"loc":{"start":{"line":33,"column":4},"end":{"line":36,"column":4}}}},"statementMap":{"1":{"start":{"line":16,"column":8},"end":{"line":16,"column":26}},"2":{"start":{"line":22,"column":8},"end":{"line":22,"column":27}},"3":{"start":{"line":28,"column":8},"end":{"line":28,"column":21}},"4":{"start":{"line":29,"column":8},"end":{"line":29,"column":35}},"5":{"start":{"line":34,"column":8},"end":{"line":34,"column":20}},"6":{"start":{"line":35,"column":8},"end":{"line":35,"column":33}}},"branchMap":{"1":{"line":16,"type":"if","locations":[{"start":{"line":16,"column":8},"end":{"line":16,"column":8}},{"start":{"line":16,"column":8},"end":{"line":16,"column":8}}]},"2":{"line":22,"type":"if","locations":[{"start":{"line":22,"column":8},"end":{"line":22,"column":8}},{"start":{"line":22,"column":8},"end":{"line":22,"column":8}}]}}},"contracts/Room.sol":{"l":{"106":0,"110":0,"111":0,"115":0,"116":0,"117":0,"118":0,"120":0,"121":0,"122":0,"127":0,"128":0,"129":0,"130":0},"path":"~/myproject/contracts/Room.sol","s":{"1":0,"2":0,"3":0,"4":0,"5":0,"6":0,"7":0,"8":0,"9":0,"10":0,"11":0,"12":0,"13":0,"14":0},"b":{"1":[0,0],"2":[0,0],"3":[0,0],"4":[0,0],"5":[0,0],"6":[0,0]},"f":{"1":0,"2":0,"3":0,"4":0},"fnMap":{"1":{"name":"constructor","line":105,"loc":{"start":{"line":105,"column":4},"end":{"line":107,"column":4}}},"2":{"name":"deposit","line":109,"loc":{"start":{"line":109,"column":4},"end":{"line":112,"column":4}}},"3":{"name":"sendReward","line":114,"loc":{"start":{"line":114,"column":4},"end":{"line":123,"column":4}}},"4":{"name":"refundToOwner","line":126,"loc":{"start":{"line":126,"column":4},"end":{"line":131,"column":4}}}},"statementMap":{"1":{"start":{"line":106,"column":8},"end":{"line":106,"column":24}},"2":{"start":{"line":110,"column":8},"end":{"line":110,"column":33}},"3":{"start":{"line":111,"column":8},"end":{"line":111,"column":45}},"4":{"start":{"line":115,"column":8},"end":{"line":115,"column":36}},"5":{"start":{"line":116,"column":8},"end":{"line":116,"column":31}},"6":{"start":{"line":117,"column":8},"end":{"line":117,"column":52}},"7":{"start":{"line":118,"column":8},"end":{"line":118,"column":35}},"8":{"start":{"line":120,"column":8},"end":{"line":120,"column":29}},"9":{"start":{"line":121,"column":8},"end":{"line":121,"column":48}},"10":{"start":{"line":122,"column":8},"end":{"line":122,"column":44}},"11":{"start":{"line":127,"column":8},"end":{"line":127,"column":45}},"12":{"start":{"line":128,"column":8},"end":{"line":128,"column":55}},"13":{"start":{"line":129,"column":8},"end":{"line":129,"column":57}},"14":{"start":{"line":130,"column":8},"end":{"line":130,"column":57}}},"branchMap":{"1":{"line":110,"type":"if","locations":[{"start":{"line":110,"column":8},"end":{"line":110,"column":8}},{"start":{"line":110,"column":8},"end":{"line":110,"column":8}}]},"2":{"line":115,"type":"if","locations":[{"start":{"line":115,"column":8},"end":{"line":115,"column":8}},{"start":{"line":115,"column":8},"end":{"line":115,"column":8}}]},"3":{"line":116,"type":"if","locations":[{"start":{"line":116,"column":8},"end":{"line":116,"column":8}},{"start":{"line":116,"column":8},"end":{"line":116,"column":8}}]},"4":{"line":117,"type":"if","locations":[{"start":{"line":117,"column":8},"end":{"line":117,"column":8}},{"start":{"line":117,"column":8},"end":{"line":117,"column":8}}]},"5":{"line":118,"type":"if","locations":[{"start":{"line":118,"column":8},"end":{"line":118,"column":8}},{"start":{"line":118,"column":8},"end":{"line":118,"column":8}}]},"6":{"line":127,"type":"if","locations":[{"start":{"line":127,"column":8},"end":{"line":127,"column":8}},{"start":{"line":127,"column":8},"end":{"line":127,"column":8}}]}}},"contracts/RoomFactory.sol":{"l":{"34":0,"35":0},"path":"~/myproject/contracts/RoomFactory.sol","s":{"1":0,"2":0},"b":{},"f":{"1":0},"fnMap":{"1":{"name":"createRoom","line":33,"loc":{"start":{"line":33,"column":4},"end":{"line":36,"column":4}}}},"statementMap":{"1":{"start":{"line":34,"column":8},"end":{"line":34,"column":61}},"2":{"start":{"line":35,"column":8},"end":{"line":35,"column":65}}},"branchMap":{}}}